{"/Users/juddhendrix/pjs/samesamebutdifferent/packages/domain-lib/src/account/index.js": {"path":"/Users/juddhendrix/pjs/samesamebutdifferent/packages/domain-lib/src/account/index.js","statementMap":{},"fnMap":{},"branchMap":{},"s":{},"f":{},"b":{},"inputSourceMap":null,"_coverageSchema":"1a1c01bbd47fc00a2c39e90264f33305004495a9","hash":"57c8494bd0300bee45d8a7ff1811e41b80c62cde"}
,"/Users/juddhendrix/pjs/samesamebutdifferent/packages/domain-lib/src/account/info.js": {"path":"/Users/juddhendrix/pjs/samesamebutdifferent/packages/domain-lib/src/account/info.js","statementMap":{"0":{"start":{"line":4,"column":17},"end":{"line":4,"column":19}},"1":{"start":{"line":7,"column":16},"end":{"line":7,"column":44}},"2":{"start":{"line":9,"column":2},"end":{"line":52,"column":5}},"3":{"start":{"line":16,"column":8},"end":{"line":16,"column":11}},"4":{"start":{"line":18,"column":4},"end":{"line":23,"column":7}},"5":{"start":{"line":25,"column":18},"end":{"line":25,"column":19}},"6":{"start":{"line":26,"column":20},"end":{"line":26,"column":21}},"7":{"start":{"line":28,"column":4},"end":{"line":36,"column":5}},"8":{"start":{"line":29,"column":6},"end":{"line":29,"column":67}},"9":{"start":{"line":29,"column":43},"end":{"line":29,"column":58}},"10":{"start":{"line":30,"column":6},"end":{"line":30,"column":44}},"11":{"start":{"line":31,"column":6},"end":{"line":31,"column":70}},"12":{"start":{"line":33,"column":6},"end":{"line":33,"column":97}},"13":{"start":{"line":33,"column":43},"end":{"line":33,"column":88}},"14":{"start":{"line":34,"column":6},"end":{"line":34,"column":100}},"15":{"start":{"line":34,"column":45},"end":{"line":34,"column":91}},"16":{"start":{"line":35,"column":6},"end":{"line":35,"column":74}},"17":{"start":{"line":37,"column":4},"end":{"line":37,"column":116}},"18":{"start":{"line":38,"column":4},"end":{"line":38,"column":60}},"19":{"start":{"line":39,"column":4},"end":{"line":39,"column":15}}},"fnMap":{"0":{"name":"(anonymous_0)","decl":{"start":{"line":6,"column":15},"end":{"line":6,"column":16}},"loc":{"start":{"line":6,"column":37},"end":{"line":53,"column":1}},"line":6},"1":{"name":"(anonymous_1)","decl":{"start":{"line":9,"column":22},"end":{"line":9,"column":23}},"loc":{"start":{"line":9,"column":36},"end":{"line":40,"column":3}},"line":9},"2":{"name":"(anonymous_2)","decl":{"start":{"line":29,"column":32},"end":{"line":29,"column":33}},"loc":{"start":{"line":29,"column":43},"end":{"line":29,"column":58}},"line":29},"3":{"name":"(anonymous_3)","decl":{"start":{"line":33,"column":32},"end":{"line":33,"column":33}},"loc":{"start":{"line":33,"column":43},"end":{"line":33,"column":88}},"line":33},"4":{"name":"(anonymous_4)","decl":{"start":{"line":34,"column":34},"end":{"line":34,"column":35}},"loc":{"start":{"line":34,"column":45},"end":{"line":34,"column":91}},"line":34}},"branchMap":{"0":{"loc":{"start":{"line":28,"column":4},"end":{"line":36,"column":5}},"type":"if","locations":[{"start":{"line":28,"column":4},"end":{"line":36,"column":5}},{"start":{"line":32,"column":11},"end":{"line":36,"column":5}}],"line":28},"1":{"loc":{"start":{"line":33,"column":43},"end":{"line":33,"column":88}},"type":"binary-expr","locations":[{"start":{"line":33,"column":43},"end":{"line":33,"column":69}},{"start":{"line":33,"column":73},"end":{"line":33,"column":88}}],"line":33},"2":{"loc":{"start":{"line":34,"column":45},"end":{"line":34,"column":91}},"type":"binary-expr","locations":[{"start":{"line":34,"column":45},"end":{"line":34,"column":71}},{"start":{"line":34,"column":75},"end":{"line":34,"column":91}}],"line":34}},"s":{"0":2,"1":1,"2":1,"3":2,"4":2,"5":2,"6":2,"7":2,"8":1,"9":1,"10":1,"11":1,"12":1,"13":4,"14":1,"15":4,"16":1,"17":2,"18":2,"19":2},"f":{"0":1,"1":2,"2":1,"3":4,"4":4},"b":{"0":[1,1],"1":[4,2],"2":[4,2]},"inputSourceMap":null,"_coverageSchema":"1a1c01bbd47fc00a2c39e90264f33305004495a9","hash":"45df8b909fe610528095868ebb43c747d3358d14"}
,"/Users/juddhendrix/pjs/samesamebutdifferent/packages/domain-lib/src/attempts/index.js": {"path":"/Users/juddhendrix/pjs/samesamebutdifferent/packages/domain-lib/src/attempts/index.js","statementMap":{},"fnMap":{},"branchMap":{},"s":{},"f":{},"b":{},"inputSourceMap":null,"_coverageSchema":"1a1c01bbd47fc00a2c39e90264f33305004495a9","hash":"8689bb7bf96db78e8ff0ed8dca95a3de78c9a5cb"}
,"/Users/juddhendrix/pjs/samesamebutdifferent/packages/domain-lib/src/attempts/validate.js": {"path":"/Users/juddhendrix/pjs/samesamebutdifferent/packages/domain-lib/src/attempts/validate.js","statementMap":{},"fnMap":{},"branchMap":{},"s":{},"f":{},"b":{},"inputSourceMap":null,"_coverageSchema":"1a1c01bbd47fc00a2c39e90264f33305004495a9","hash":"4d16fa195d23fc60c4e2bbfb3955199400c13c90"}
,"/Users/juddhendrix/pjs/samesamebutdifferent/packages/domain-lib/src/auth/cookie_user.js": {"path":"/Users/juddhendrix/pjs/samesamebutdifferent/packages/domain-lib/src/auth/cookie_user.js","statementMap":{"0":{"start":{"line":3,"column":29},"end":{"line":3,"column":32}},"1":{"start":{"line":6,"column":24},"end":{"line":6,"column":26}},"2":{"start":{"line":10,"column":2},"end":{"line":12,"column":3}},"3":{"start":{"line":11,"column":4},"end":{"line":11,"column":17}},"4":{"start":{"line":14,"column":16},"end":{"line":14,"column":40}},"5":{"start":{"line":15,"column":2},"end":{"line":17,"column":3}},"6":{"start":{"line":16,"column":4},"end":{"line":16,"column":17}},"7":{"start":{"line":26,"column":4},"end":{"line":35,"column":5}},"8":{"start":{"line":27,"column":22},"end":{"line":27,"column":55}},"9":{"start":{"line":28,"column":6},"end":{"line":30,"column":7}},"10":{"start":{"line":29,"column":8},"end":{"line":29,"column":21}},"11":{"start":{"line":31,"column":6},"end":{"line":31,"column":24}},"12":{"start":{"line":33,"column":6},"end":{"line":33,"column":30}},"13":{"start":{"line":34,"column":6},"end":{"line":34,"column":19}}},"fnMap":{"0":{"name":"tokens","decl":{"start":{"line":9,"column":30},"end":{"line":9,"column":36}},"loc":{"start":{"line":9,"column":45},"end":{"line":37,"column":1}},"line":9}},"branchMap":{"0":{"loc":{"start":{"line":10,"column":2},"end":{"line":12,"column":3}},"type":"if","locations":[{"start":{"line":10,"column":2},"end":{"line":12,"column":3}},{"start":{},"end":{}}],"line":10},"1":{"loc":{"start":{"line":15,"column":2},"end":{"line":17,"column":3}},"type":"if","locations":[{"start":{"line":15,"column":2},"end":{"line":17,"column":3}},{"start":{},"end":{}}],"line":15},"2":{"loc":{"start":{"line":28,"column":6},"end":{"line":30,"column":7}},"type":"if","locations":[{"start":{"line":28,"column":6},"end":{"line":30,"column":7}},{"start":{},"end":{}}],"line":28}},"s":{"0":1,"1":1,"2":5,"3":1,"4":4,"5":4,"6":1,"7":3,"8":3,"9":2,"10":1,"11":1,"12":1,"13":1},"f":{"0":5},"b":{"0":[1,4],"1":[1,3],"2":[1,1]},"inputSourceMap":null,"_coverageSchema":"1a1c01bbd47fc00a2c39e90264f33305004495a9","hash":"86afd0ab2ce4730aaaaf8d28b8e1f4b56a807069"}
,"/Users/juddhendrix/pjs/samesamebutdifferent/packages/domain-lib/src/deck/create.js": {"path":"/Users/juddhendrix/pjs/samesamebutdifferent/packages/domain-lib/src/deck/create.js","statementMap":{"0":{"start":{"line":4,"column":17},"end":{"line":4,"column":24}},"1":{"start":{"line":5,"column":15},"end":{"line":5,"column":22}},"2":{"start":{"line":6,"column":17},"end":{"line":6,"column":24}},"3":{"start":{"line":7,"column":19},"end":{"line":7,"column":26}},"4":{"start":{"line":9,"column":6},"end":{"line":15,"column":7}},"5":{"start":{"line":9,"column":16},"end":{"line":15,"column":7}},"6":{"start":{"line":10,"column":10},"end":{"line":14,"column":11}},"7":{"start":{"line":11,"column":14},"end":{"line":13,"column":15}},"8":{"start":{"line":12,"column":18},"end":{"line":12,"column":54}},"9":{"start":{"line":17,"column":14},"end":{"line":17,"column":55}},"10":{"start":{"line":19,"column":18},"end":{"line":35,"column":3}},"11":{"start":{"line":20,"column":23},"end":{"line":20,"column":35}},"12":{"start":{"line":23,"column":4},"end":{"line":32,"column":5}},"13":{"start":{"line":26,"column":6},"end":{"line":26,"column":61}},"14":{"start":{"line":27,"column":6},"end":{"line":27,"column":21}},"15":{"start":{"line":30,"column":6},"end":{"line":31,"column":49}},"16":{"start":{"line":34,"column":4},"end":{"line":34,"column":17}},"17":{"start":{"line":37,"column":2},"end":{"line":37,"column":22}}},"fnMap":{"0":{"name":"(anonymous_0)","decl":{"start":{"line":3,"column":15},"end":{"line":3,"column":16}},"loc":{"start":{"line":3,"column":21},"end":{"line":38,"column":1}},"line":3},"1":{"name":"(anonymous_1)","decl":{"start":{"line":9,"column":6},"end":{"line":9,"column":7}},"loc":{"start":{"line":9,"column":16},"end":{"line":15,"column":7}},"line":9},"2":{"name":"(anonymous_2)","decl":{"start":{"line":9,"column":25},"end":{"line":9,"column":26}},"loc":{"start":{"line":10,"column":10},"end":{"line":14,"column":11}},"line":10},"3":{"name":"(anonymous_3)","decl":{"start":{"line":10,"column":20},"end":{"line":10,"column":21}},"loc":{"start":{"line":11,"column":14},"end":{"line":13,"column":15}},"line":11},"4":{"name":"(anonymous_4)","decl":{"start":{"line":11,"column":20},"end":{"line":11,"column":21}},"loc":{"start":{"line":12,"column":18},"end":{"line":12,"column":54}},"line":12},"5":{"name":"(anonymous_5)","decl":{"start":{"line":19,"column":18},"end":{"line":19,"column":19}},"loc":{"start":{"line":19,"column":29},"end":{"line":35,"column":3}},"line":19}},"branchMap":{},"s":{"0":2,"1":2,"2":2,"3":2,"4":2,"5":2,"6":6,"7":78,"8":234,"9":2,"10":2,"11":2,"12":2,"13":162,"14":162,"15":162,"16":2,"17":2},"f":{"0":2,"1":2,"2":6,"3":78,"4":234,"5":2},"b":{},"inputSourceMap":null,"_coverageSchema":"1a1c01bbd47fc00a2c39e90264f33305004495a9","hash":"2d0156d2f26d9a84d7cdf642daf8364ffeb8960b"}
,"/Users/juddhendrix/pjs/samesamebutdifferent/packages/domain-lib/src/game/complete.js": {"path":"/Users/juddhendrix/pjs/samesamebutdifferent/packages/domain-lib/src/game/complete.js","statementMap":{"0":{"start":{"line":3,"column":17},"end":{"line":3,"column":19}},"1":{"start":{"line":6,"column":15},"end":{"line":6,"column":50}},"2":{"start":{"line":7,"column":2},"end":{"line":7,"column":14}}},"fnMap":{"0":{"name":"(anonymous_0)","decl":{"start":{"line":5,"column":15},"end":{"line":5,"column":16}},"loc":{"start":{"line":5,"column":41},"end":{"line":8,"column":1}},"line":5}},"branchMap":{},"s":{"0":1,"1":1,"2":1},"f":{"0":1},"b":{},"inputSourceMap":null,"_coverageSchema":"1a1c01bbd47fc00a2c39e90264f33305004495a9","hash":"7a6e38ab3da386b9dc030b6420d506cdde218d9a"}
,"/Users/juddhendrix/pjs/samesamebutdifferent/packages/domain-lib/src/game/start.js": {"path":"/Users/juddhendrix/pjs/samesamebutdifferent/packages/domain-lib/src/game/start.js","statementMap":{"0":{"start":{"line":3,"column":17},"end":{"line":3,"column":19}},"1":{"start":{"line":6,"column":15},"end":{"line":6,"column":47}},"2":{"start":{"line":7,"column":2},"end":{"line":7,"column":14}}},"fnMap":{"0":{"name":"(anonymous_0)","decl":{"start":{"line":5,"column":15},"end":{"line":5,"column":16}},"loc":{"start":{"line":5,"column":41},"end":{"line":8,"column":1}},"line":5}},"branchMap":{},"s":{"0":1,"1":1,"2":1},"f":{"0":1},"b":{},"inputSourceMap":null,"_coverageSchema":"1a1c01bbd47fc00a2c39e90264f33305004495a9","hash":"231a0d0b6d967c8ac8725828574d9e13d298e746"}
,"/Users/juddhendrix/pjs/samesamebutdifferent/packages/domain-lib/src/game-attempt/create.js": {"path":"/Users/juddhendrix/pjs/samesamebutdifferent/packages/domain-lib/src/game-attempt/create.js","statementMap":{"0":{"start":{"line":3,"column":24},"end":{"line":3,"column":26}},"1":{"start":{"line":6,"column":2},"end":{"line":16,"column":3}},"2":{"start":{"line":7,"column":3},"end":{"line":12,"column":6}},"3":{"start":{"line":14,"column":4},"end":{"line":14,"column":29}},"4":{"start":{"line":15,"column":4},"end":{"line":15,"column":17}}},"fnMap":{"0":{"name":"(anonymous_0)","decl":{"start":{"line":5,"column":15},"end":{"line":5,"column":16}},"loc":{"start":{"line":5,"column":67},"end":{"line":17,"column":1}},"line":5}},"branchMap":{},"s":{"0":1,"1":2,"2":2,"3":1,"4":1},"f":{"0":2},"b":{},"inputSourceMap":null,"_coverageSchema":"1a1c01bbd47fc00a2c39e90264f33305004495a9","hash":"7f3c37e3926408cd70aa013ab73d1ac3dbae9c9d"}
,"/Users/juddhendrix/pjs/samesamebutdifferent/packages/domain-lib/src/game-attempt/list.js": {"path":"/Users/juddhendrix/pjs/samesamebutdifferent/packages/domain-lib/src/game-attempt/list.js","statementMap":{"0":{"start":{"line":2,"column":25},"end":{"line":2,"column":27}},"1":{"start":{"line":5,"column":2},"end":{"line":11,"column":3}},"2":{"start":{"line":6,"column":21},"end":{"line":6,"column":56}},"3":{"start":{"line":7,"column":4},"end":{"line":7,"column":20}},"4":{"start":{"line":9,"column":4},"end":{"line":9,"column":43}},"5":{"start":{"line":10,"column":4},"end":{"line":10,"column":17}}},"fnMap":{"0":{"name":"(anonymous_0)","decl":{"start":{"line":4,"column":15},"end":{"line":4,"column":16}},"loc":{"start":{"line":4,"column":33},"end":{"line":12,"column":1}},"line":4}},"branchMap":{},"s":{"0":1,"1":2,"2":2,"3":1,"4":1,"5":1},"f":{"0":2},"b":{},"inputSourceMap":null,"_coverageSchema":"1a1c01bbd47fc00a2c39e90264f33305004495a9","hash":"00a97305e4feaadd61f7389bb7479dab3e61baa6"}
,"/Users/juddhendrix/pjs/samesamebutdifferent/packages/domain-lib/src/games/create.js": {"path":"/Users/juddhendrix/pjs/samesamebutdifferent/packages/domain-lib/src/games/create.js","statementMap":{"0":{"start":{"line":6,"column":29},"end":{"line":6,"column":31}},"1":{"start":{"line":9,"column":2},"end":{"line":36,"column":3}},"2":{"start":{"line":10,"column":23},"end":{"line":10,"column":31}},"3":{"start":{"line":12,"column":17},"end":{"line":18,"column":5}},"4":{"start":{"line":20,"column":4},"end":{"line":22,"column":5}},"5":{"start":{"line":21,"column":6},"end":{"line":21,"column":29}},"6":{"start":{"line":24,"column":17},"end":{"line":24,"column":41}},"7":{"start":{"line":26,"column":17},"end":{"line":26,"column":26}},"8":{"start":{"line":27,"column":4},"end":{"line":30,"column":7}},"9":{"start":{"line":32,"column":4},"end":{"line":32,"column":27}},"10":{"start":{"line":34,"column":4},"end":{"line":34,"column":30}},"11":{"start":{"line":35,"column":4},"end":{"line":35,"column":17}}},"fnMap":{"0":{"name":"(anonymous_0)","decl":{"start":{"line":8,"column":15},"end":{"line":8,"column":16}},"loc":{"start":{"line":8,"column":70},"end":{"line":37,"column":1}},"line":8}},"branchMap":{"0":{"loc":{"start":{"line":20,"column":4},"end":{"line":22,"column":5}},"type":"if","locations":[{"start":{"line":20,"column":4},"end":{"line":22,"column":5}},{"start":{},"end":{}}],"line":20}},"s":{"0":1,"1":2,"2":2,"3":2,"4":2,"5":1,"6":2,"7":1,"8":1,"9":1,"10":1,"11":1},"f":{"0":2},"b":{"0":[1,1]},"inputSourceMap":null,"_coverageSchema":"1a1c01bbd47fc00a2c39e90264f33305004495a9","hash":"53c36e31a1df35b78323fedccb08edf023566e2f"}
,"/Users/juddhendrix/pjs/samesamebutdifferent/packages/domain-lib/src/games/play.js": {"path":"/Users/juddhendrix/pjs/samesamebutdifferent/packages/domain-lib/src/games/play.js","statementMap":{"0":{"start":{"line":4,"column":19},"end":{"line":4,"column":39}},"1":{"start":{"line":5,"column":24},"end":{"line":5,"column":26}},"2":{"start":{"line":8,"column":2},"end":{"line":55,"column":3}},"3":{"start":{"line":9,"column":17},"end":{"line":9,"column":52}},"4":{"start":{"line":10,"column":4},"end":{"line":12,"column":5}},"5":{"start":{"line":11,"column":6},"end":{"line":11,"column":37}},"6":{"start":{"line":14,"column":4},"end":{"line":16,"column":5}},"7":{"start":{"line":15,"column":6},"end":{"line":15,"column":36}},"8":{"start":{"line":18,"column":4},"end":{"line":28,"column":5}},"9":{"start":{"line":19,"column":24},"end":{"line":19,"column":81}},"10":{"start":{"line":20,"column":24},"end":{"line":20,"column":58}},"11":{"start":{"line":21,"column":18},"end":{"line":21,"column":61}},"12":{"start":{"line":23,"column":6},"end":{"line":27,"column":7}},"13":{"start":{"line":24,"column":28},"end":{"line":24,"column":61}},"14":{"start":{"line":25,"column":8},"end":{"line":25,"column":99}},"15":{"start":{"line":26,"column":8},"end":{"line":26,"column":39}},"16":{"start":{"line":30,"column":21},"end":{"line":30,"column":50}},"17":{"start":{"line":32,"column":14},"end":{"line":32,"column":37}},"18":{"start":{"line":33,"column":14},"end":{"line":33,"column":35}},"19":{"start":{"line":35,"column":4},"end":{"line":46,"column":5}},"20":{"start":{"line":35,"column":17},"end":{"line":35,"column":18}},"21":{"start":{"line":36,"column":56},"end":{"line":36,"column":67}},"22":{"start":{"line":37,"column":18},"end":{"line":37,"column":96}},"23":{"start":{"line":38,"column":25},"end":{"line":38,"column":68}},"24":{"start":{"line":39,"column":6},"end":{"line":39,"column":27}},"25":{"start":{"line":40,"column":6},"end":{"line":45,"column":9}},"26":{"start":{"line":48,"column":4},"end":{"line":48,"column":22}},"27":{"start":{"line":49,"column":4},"end":{"line":49,"column":19}},"28":{"start":{"line":51,"column":4},"end":{"line":51,"column":16}},"29":{"start":{"line":53,"column":4},"end":{"line":53,"column":30}},"30":{"start":{"line":54,"column":4},"end":{"line":54,"column":17}}},"fnMap":{"0":{"name":"(anonymous_0)","decl":{"start":{"line":7,"column":15},"end":{"line":7,"column":16}},"loc":{"start":{"line":7,"column":41},"end":{"line":56,"column":1}},"line":7}},"branchMap":{"0":{"loc":{"start":{"line":10,"column":4},"end":{"line":12,"column":5}},"type":"if","locations":[{"start":{"line":10,"column":4},"end":{"line":12,"column":5}},{"start":{},"end":{}}],"line":10},"1":{"loc":{"start":{"line":10,"column":8},"end":{"line":10,"column":25}},"type":"binary-expr","locations":[{"start":{"line":10,"column":8},"end":{"line":10,"column":13}},{"start":{"line":10,"column":17},"end":{"line":10,"column":25}}],"line":10},"2":{"loc":{"start":{"line":14,"column":4},"end":{"line":16,"column":5}},"type":"if","locations":[{"start":{"line":14,"column":4},"end":{"line":16,"column":5}},{"start":{},"end":{}}],"line":14},"3":{"loc":{"start":{"line":14,"column":8},"end":{"line":14,"column":52}},"type":"binary-expr","locations":[{"start":{"line":14,"column":8},"end":{"line":14,"column":26}},{"start":{"line":14,"column":30},"end":{"line":14,"column":52}}],"line":14},"4":{"loc":{"start":{"line":18,"column":4},"end":{"line":28,"column":5}},"type":"if","locations":[{"start":{"line":18,"column":4},"end":{"line":28,"column":5}},{"start":{},"end":{}}],"line":18},"5":{"loc":{"start":{"line":18,"column":8},"end":{"line":18,"column":60}},"type":"binary-expr","locations":[{"start":{"line":18,"column":8},"end":{"line":18,"column":31}},{"start":{"line":18,"column":35},"end":{"line":18,"column":60}}],"line":18},"6":{"loc":{"start":{"line":23,"column":6},"end":{"line":27,"column":7}},"type":"if","locations":[{"start":{"line":23,"column":6},"end":{"line":27,"column":7}},{"start":{},"end":{}}],"line":23},"7":{"loc":{"start":{"line":37,"column":18},"end":{"line":37,"column":96}},"type":"cond-expr","locations":[{"start":{"line":37,"column":79},"end":{"line":37,"column":85}},{"start":{"line":37,"column":88},"end":{"line":37,"column":96}}],"line":37},"8":{"loc":{"start":{"line":38,"column":25},"end":{"line":38,"column":68}},"type":"cond-expr","locations":[{"start":{"line":38,"column":35},"end":{"line":38,"column":49}},{"start":{"line":38,"column":52},"end":{"line":38,"column":68}}],"line":38}},"s":{"0":1,"1":1,"2":2,"3":2,"4":2,"5":2,"6":0,"7":0,"8":0,"9":0,"10":0,"11":0,"12":0,"13":0,"14":0,"15":0,"16":0,"17":0,"18":0,"19":0,"20":0,"21":0,"22":0,"23":0,"24":0,"25":0,"26":0,"27":0,"28":0,"29":0,"30":0},"f":{"0":2},"b":{"0":[2,0],"1":[2,2],"2":[0,0],"3":[0,0],"4":[0,0],"5":[0,0],"6":[0,0],"7":[0,0],"8":[0,0]},"inputSourceMap":null,"_coverageSchema":"1a1c01bbd47fc00a2c39e90264f33305004495a9","hash":"040c7a2046280eab63d3534c7811090b3a0369bb"}
,"/Users/juddhendrix/pjs/samesamebutdifferent/packages/domain-lib/src/interfaces/db.js": {"path":"/Users/juddhendrix/pjs/samesamebutdifferent/packages/domain-lib/src/interfaces/db.js","statementMap":{"0":{"start":{"line":4,"column":24},"end":{"line":4,"column":27}}},"fnMap":{},"branchMap":{},"s":{"0":11},"f":{},"b":{},"inputSourceMap":null,"_coverageSchema":"1a1c01bbd47fc00a2c39e90264f33305004495a9","hash":"cb32916c447ebb29f0bca82cf5256208b717f95d"}
,"/Users/juddhendrix/pjs/samesamebutdifferent/packages/domain-lib/src/interfaces/environment.js": {"path":"/Users/juddhendrix/pjs/samesamebutdifferent/packages/domain-lib/src/interfaces/environment.js","statementMap":{"0":{"start":{"line":8,"column":4},"end":{"line":8,"column":15}}},"fnMap":{},"branchMap":{},"s":{"0":11},"f":{},"b":{},"inputSourceMap":null,"_coverageSchema":"1a1c01bbd47fc00a2c39e90264f33305004495a9","hash":"7339704d34237e17880c18b824ce40a4a4b617e9"}
,"/Users/juddhendrix/pjs/samesamebutdifferent/packages/domain-lib/src/interfaces/utils.js": {"path":"/Users/juddhendrix/pjs/samesamebutdifferent/packages/domain-lib/src/interfaces/utils.js","statementMap":{},"fnMap":{},"branchMap":{},"s":{},"f":{},"b":{},"inputSourceMap":null,"_coverageSchema":"1a1c01bbd47fc00a2c39e90264f33305004495a9","hash":"22a644fc3c2459f872a579ae63acd439f09b01c7"}
}
