TN:
SF:packages/domain-lib/src/account/index.js
FNF:0
FNH:0
LF:0
LH:0
BRF:0
BRH:0
end_of_record
TN:
SF:packages/domain-lib/src/account/info.js
FN:6,(anonymous_0)
FN:9,(anonymous_1)
FN:29,(anonymous_2)
FN:33,(anonymous_3)
FN:34,(anonymous_4)
FNF:5
FNH:5
FNDA:1,(anonymous_0)
FNDA:2,(anonymous_1)
FNDA:1,(anonymous_2)
FNDA:4,(anonymous_3)
FNDA:4,(anonymous_4)
DA:4,2
DA:7,1
DA:9,1
DA:16,2
DA:18,2
DA:25,2
DA:26,2
DA:28,2
DA:29,1
DA:30,1
DA:31,1
DA:33,4
DA:34,4
DA:35,1
DA:37,2
DA:38,2
DA:39,2
LF:17
LH:17
BRDA:28,0,0,1
BRDA:28,0,1,1
BRDA:33,1,0,4
BRDA:33,1,1,2
BRDA:34,2,0,4
BRDA:34,2,1,2
BRF:6
BRH:6
end_of_record
TN:
SF:packages/domain-lib/src/attempts/index.js
FNF:0
FNH:0
LF:0
LH:0
BRF:0
BRH:0
end_of_record
TN:
SF:packages/domain-lib/src/attempts/validate.js
FNF:0
FNH:0
LF:0
LH:0
BRF:0
BRH:0
end_of_record
TN:
SF:packages/domain-lib/src/auth/cookie_user.js
FN:9,tokens
FNF:1
FNH:1
FNDA:5,tokens
DA:3,1
DA:6,1
DA:10,5
DA:11,1
DA:14,4
DA:15,4
DA:16,1
DA:26,3
DA:27,3
DA:28,2
DA:29,1
DA:31,1
DA:33,1
DA:34,1
LF:14
LH:14
BRDA:10,0,0,1
BRDA:10,0,1,4
BRDA:15,1,0,1
BRDA:15,1,1,3
BRDA:28,2,0,1
BRDA:28,2,1,1
BRF:6
BRH:6
end_of_record
TN:
SF:packages/domain-lib/src/deck/create.js
FN:3,(anonymous_0)
FN:9,(anonymous_1)
FN:9,(anonymous_2)
FN:10,(anonymous_3)
FN:11,(anonymous_4)
FN:19,(anonymous_5)
FNF:6
FNH:6
FNDA:2,(anonymous_0)
FNDA:2,(anonymous_1)
FNDA:6,(anonymous_2)
FNDA:78,(anonymous_3)
FNDA:234,(anonymous_4)
FNDA:2,(anonymous_5)
DA:4,2
DA:5,2
DA:6,2
DA:7,2
DA:9,2
DA:10,6
DA:11,78
DA:12,234
DA:17,2
DA:19,2
DA:20,2
DA:23,2
DA:26,162
DA:27,162
DA:30,162
DA:34,2
DA:37,2
LF:17
LH:17
BRF:0
BRH:0
end_of_record
TN:
SF:packages/domain-lib/src/game/complete.js
FN:5,(anonymous_0)
FNF:1
FNH:1
FNDA:1,(anonymous_0)
DA:3,1
DA:6,1
DA:7,1
LF:3
LH:3
BRF:0
BRH:0
end_of_record
TN:
SF:packages/domain-lib/src/game/start.js
FN:5,(anonymous_0)
FNF:1
FNH:1
FNDA:1,(anonymous_0)
DA:3,1
DA:6,1
DA:7,1
LF:3
LH:3
BRF:0
BRH:0
end_of_record
TN:
SF:packages/domain-lib/src/game-attempt/create.js
FN:5,(anonymous_0)
FNF:1
FNH:1
FNDA:2,(anonymous_0)
DA:3,1
DA:6,2
DA:7,2
DA:14,1
DA:15,1
LF:5
LH:5
BRF:0
BRH:0
end_of_record
TN:
SF:packages/domain-lib/src/game-attempt/list.js
FN:4,(anonymous_0)
FNF:1
FNH:1
FNDA:2,(anonymous_0)
DA:2,1
DA:5,2
DA:6,2
DA:7,1
DA:9,1
DA:10,1
LF:6
LH:6
BRF:0
BRH:0
end_of_record
TN:
SF:packages/domain-lib/src/games/create.js
FN:8,(anonymous_0)
FNF:1
FNH:1
FNDA:2,(anonymous_0)
DA:6,1
DA:9,2
DA:10,2
DA:12,2
DA:20,2
DA:21,1
DA:24,2
DA:26,1
DA:27,1
DA:32,1
DA:34,1
DA:35,1
LF:12
LH:12
BRDA:20,0,0,1
BRDA:20,0,1,1
BRF:2
BRH:2
end_of_record
TN:
SF:packages/domain-lib/src/games/play.js
FN:7,(anonymous_0)
FNF:1
FNH:1
FNDA:2,(anonymous_0)
DA:4,1
DA:5,1
DA:8,2
DA:9,2
DA:10,2
DA:11,2
DA:14,0
DA:15,0
DA:18,0
DA:19,0
DA:20,0
DA:21,0
DA:23,0
DA:24,0
DA:25,0
DA:26,0
DA:30,0
DA:32,0
DA:33,0
DA:35,0
DA:36,0
DA:37,0
DA:38,0
DA:39,0
DA:40,0
DA:48,0
DA:49,0
DA:51,0
DA:53,0
DA:54,0
LF:30
LH:6
BRDA:10,0,0,2
BRDA:10,0,1,0
BRDA:10,1,0,2
BRDA:10,1,1,2
BRDA:14,2,0,0
BRDA:14,2,1,0
BRDA:14,3,0,0
BRDA:14,3,1,0
BRDA:18,4,0,0
BRDA:18,4,1,0
BRDA:18,5,0,0
BRDA:18,5,1,0
BRDA:23,6,0,0
BRDA:23,6,1,0
BRDA:37,7,0,0
BRDA:37,7,1,0
BRDA:38,8,0,0
BRDA:38,8,1,0
BRF:18
BRH:3
end_of_record
TN:
SF:packages/domain-lib/src/interfaces/db.js
FNF:0
FNH:0
DA:4,11
LF:1
LH:1
BRF:0
BRH:0
end_of_record
TN:
SF:packages/domain-lib/src/interfaces/environment.js
FNF:0
FNH:0
DA:8,11
LF:1
LH:1
BRF:0
BRH:0
end_of_record
TN:
SF:packages/domain-lib/src/interfaces/utils.js
FNF:0
FNH:0
LF:0
LH:0
BRF:0
BRH:0
end_of_record
